C51 COMPILER V9.51   DELAY                                                                 07/27/2025 19:24:08 PAGE 1   


C51 COMPILER V9.51, COMPILATION OF MODULE DELAY
OBJECT MODULE PLACED IN Delay.obj
COMPILER INVOKED BY: C:\Keil\C51\BIN\C51.EXE System\Delay.c BROWSE INCDIR(.\Hardware;.\Library;.\System;.\User) DEBUG OB
                    -JECTEXTEND PRINT(.\Delay.lst) TABS(2) OBJECT(Delay.obj)

line level    source

   1          #include <REGX51.H>
   2          
   3          void delay(unsigned int time)
   4          { 
   5   1          while(time>0) 
   6   1              time--;
   7   1      }


MODULE INFORMATION:   STATIC OVERLAYABLE
   CODE SIZE        =     17    ----
   CONSTANT SIZE    =   ----    ----
   XDATA SIZE       =   ----    ----
   PDATA SIZE       =   ----    ----
   DATA SIZE        =   ----    ----
   IDATA SIZE       =   ----    ----
   BIT SIZE         =   ----    ----
END OF MODULE INFORMATION.


C51 COMPILATION COMPLETE.  0 WARNING(S),  0 ERROR(S)
