C51 COMPILER V9.51   DS18B20                                                               07/27/2025 19:24:08 PAGE 1   


C51 COMPILER V9.51, COMPILATION OF MODULE DS18B20
OBJECT MODULE PLACED IN DS18B20.obj
COMPILER INVOKED BY: C:\Keil\C51\BIN\C51.EXE Hardware\DS18B20.c BROWSE INCDIR(.\Hardware;.\Library;.\System;.\User) DEBU
                    -G OBJECTEXTEND PRINT(.\DS18B20.lst) TABS(2) OBJECT(DS18B20.obj)

line level    source

   1          #include <REGX51.H>
   2          #include "OneWire.h"
   3          
   4          
   5          void DS18B20_ConvertT(void)
   6          {
   7   1          OneWire_Init();
   8   1          OneWire_SendByte(0xCC);
   9   1          OneWire_SendByte(0x44);
  10   1      
  11   1      }
  12          
  13          float DS18B20_ReadT(void)
  14          {
  15   1          unsigned char TLSB,TMSB;
  16   1          int Temp;
  17   1          float T;
  18   1          OneWire_Init();
  19   1          OneWire_SendByte(0xCC);
  20   1          OneWire_SendByte(0xBE);
  21   1          TLSB = OneWire_ReceiveByte();
  22   1          TMSB = OneWire_ReceiveByte();
  23   1          Temp = (TMSB<<8) | TLSB;
  24   1          T = Temp / 16.0;//第4bit開始才是整數部分
  25   1          return T;
  26   1      }
  27          


MODULE INFORMATION:   STATIC OVERLAYABLE
   CODE SIZE        =     57    ----
   CONSTANT SIZE    =   ----    ----
   XDATA SIZE       =   ----    ----
   PDATA SIZE       =   ----    ----
   DATA SIZE        =   ----       1
   IDATA SIZE       =   ----    ----
   BIT SIZE         =   ----    ----
END OF MODULE INFORMATION.


C51 COMPILATION COMPLETE.  0 WARNING(S),  0 ERROR(S)
