C51 COMPILER V9.51   I2C_8051                                                              07/27/2025 19:24:08 PAGE 1   


C51 COMPILER V9.51, COMPILATION OF MODULE I2C_8051
OBJECT MODULE PLACED IN I2C_8051.obj
COMPILER INVOKED BY: C:\Keil\C51\BIN\C51.EXE Hardware\I2C_8051.c BROWSE INCDIR(.\Hardware;.\Library;.\System;.\User) DEB
                    -UG OBJECTEXTEND PRINT(.\I2C_8051.lst) TABS(2) OBJECT(I2C_8051.obj)

line level    source

   1          #include <REGX51.H>
   2          #include "Delay.h"
   3          
   4          sbit scl = P1^7;
   5          sbit sda = P1^6;
   6          
   7          void scl_w(bit value)
   8          {
   9   1          if(value == 0)
  10   1          {
  11   2            scl = 0;
  12   2            delay(5);
  13   2          }
  14   1          else
  15   1          {
  16   2            scl = 1;
  17   2            delay(5);
  18   2          }
  19   1      }
  20          
  21          void sda_w(bit value)
  22          {
  23   1          if(value == 0)
  24   1          {
  25   2            sda = 0;
  26   2            delay(5);
  27   2          }
  28   1          else
  29   1          {
  30   2            sda = 1;
  31   2            delay(5);
  32   2          }
  33   1      }
  34          
  35          bit sda_r(void)
  36          {
  37   1          bit value;
  38   1          value = sda;
  39   1          delay(5);
  40   1          return value;
  41   1      }
  42          
  43          void start()
  44          {
  45   1          scl_w(1);
  46   1          sda_w(1);
  47   1          sda_w(0);
  48   1          scl_w(0);
  49   1      }
  50          
  51          void send_8bits(unsigned char value)
  52          {
  53   1          unsigned char i ;
  54   1          for(i = 0 ; i < 8 ; i++)
C51 COMPILER V9.51   I2C_8051                                                              07/27/2025 19:24:08 PAGE 2   

  55   1          {
  56   2            sda_w( !!( value & (0x80 >> i) ));
  57   2            scl_w(1);
  58   2            scl_w(0);
  59   2          }
  60   1      }
  61          
  62          bit ack_receive(void)
  63          {
  64   1          bit value;
  65   1      
  66   1          sda_w(1);
  67   1          
  68   1          scl_w(1);
  69   1          value = sda_r();
  70   1          scl_w(0);
  71   1          return value;
  72   1      }
  73          
  74          void ack_send(void)
  75          {
  76   1          scl_w(0);
  77   1          sda_w(0);
  78   1          scl_w(1);
  79   1          scl_w(0);
  80   1      }
  81          
  82          void stop(void)
  83          {
  84   1          sda_w(0);
  85   1          scl_w(1);
  86   1          sda_w(1);
  87   1      }


MODULE INFORMATION:   STATIC OVERLAYABLE
   CODE SIZE        =    189    ----
   CONSTANT SIZE    =   ----    ----
   XDATA SIZE       =   ----    ----
   PDATA SIZE       =   ----    ----
   DATA SIZE        =   ----       2
   IDATA SIZE       =   ----    ----
   BIT SIZE         =   ----       4
END OF MODULE INFORMATION.


C51 COMPILATION COMPLETE.  0 WARNING(S),  0 ERROR(S)
