C51 COMPILER V9.51   INT                                                                   07/27/2025 19:24:08 PAGE 1   


C51 COMPILER V9.51, COMPILATION OF MODULE INT
OBJECT MODULE PLACED IN INT.obj
COMPILER INVOKED BY: C:\Keil\C51\BIN\C51.EXE Hardware\INT.c BROWSE INCDIR(.\Hardware;.\Library;.\System;.\User) DEBUG OB
                    -JECTEXTEND PRINT(.\INT.lst) TABS(2) OBJECT(INT.obj)

line level    source

   1          #include <REGX51.H>
   2          
   3          
   4          bit flag1 = 0;
   5          bit flag2 = 0;
   6          
   7          void INT_Init(void)
   8          {
   9   1          EA  = 1;
  10   1          EX0 = 1;IT0 = 1;
  11   1          EX1 = 1;IT1 = 1;
  12   1          IP  = 0x05;//INT中斷優先
  13   1          P3_2 = 1;//當輸入時拉成高態
  14   1          P3_3 = 1;//當輸入時拉成高態
  15   1      }
  16          
  17          void int0(void) interrupt 0{
  18   1          flag1 = 1;
  19   1      }
  20          
  21          void int1(void) interrupt 2{
  22   1          flag2 = 1;
  23   1      }


MODULE INFORMATION:   STATIC OVERLAYABLE
   CODE SIZE        =     24    ----
   CONSTANT SIZE    =   ----    ----
   XDATA SIZE       =   ----    ----
   PDATA SIZE       =   ----    ----
   DATA SIZE        =   ----    ----
   IDATA SIZE       =   ----    ----
   BIT SIZE         =      2    ----
END OF MODULE INFORMATION.


C51 COMPILATION COMPLETE.  0 WARNING(S),  0 ERROR(S)
