C51 COMPILER V9.51   ONEWIRE                                                               07/27/2025 19:24:08 PAGE 1   


C51 COMPILER V9.51, COMPILATION OF MODULE ONEWIRE
OBJECT MODULE PLACED IN OneWire.obj
COMPILER INVOKED BY: C:\Keil\C51\BIN\C51.EXE Hardware\OneWire.c BROWSE INCDIR(.\Hardware;.\Library;.\System;.\User) DEBU
                    -G OBJECTEXTEND PRINT(.\OneWire.lst) TABS(2) OBJECT(OneWire.obj)

line level    source

   1          #include <REGX51.H>
   2          
   3          //---ds18b20 OneWire-----
   4          sbit OneWire_DQ = P3^7;
   5          
   6          
   7          //ds18b20初始化為先拉高再拉低後，延遲480微秒後，再釋放
   8          unsigned char OneWire_Init(void)
   9          {
  10   1          unsigned char i;
  11   1          unsigned char AckBit;
  12   1          OneWire_DQ = 1;
  13   1          OneWire_DQ = 0;
  14   1          
  15   1          i = 247; while(--i); //delay 500us(480us)
  16   1        
  17   1          OneWire_DQ = 1;
  18   1        
  19   1          i = 32; while(--i); // delay 70us(60~240us)
  20   1          
  21   1          AckBit = OneWire_DQ;
  22   1        
  23   1          i = 247; while(--i); //delay 500us(480us)
  24   1        
  25   1          return AckBit;
  26   1      }
  27          
  28          //時間片段為60us
  29          //主動拉低60~120us後釋放 => 發送0
  30          //主動拉低1~15us後釋放   => 發送1
  31          //從機在拉低的30us後會進行採樣
  32          void OneWire_SendBit(unsigned char Bit)
  33          {
  34   1          unsigned char i;
  35   1      
  36   1          OneWire_DQ = 0;
  37   1          i = 4; while(--i);  // 10u
  38   1          OneWire_DQ = Bit;
  39   1          i = 24; while(--i); // 50u
  40   1          OneWire_DQ = 1;
  41   1      }
  42          
  43          //時間片段為60us
  44          //主機拉低1~15us再釋放總線，代表要接收
  45          //15us後讀取總線電平
  46          unsigned char OneWire_ReceiveBit(void)
  47          {
  48   1          unsigned char Bit;
  49   1          unsigned char i;
  50   1      
  51   1          OneWire_DQ = 0;
  52   1          i = 2; while(--i);  // 5u
  53   1          OneWire_DQ = 1;
  54   1          i = 2; while(--i);  // 5u
C51 COMPILER V9.51   ONEWIRE                                                               07/27/2025 19:24:08 PAGE 2   

  55   1          Bit = OneWire_DQ;
  56   1          i = 24; while(--i); // 50u
  57   1      
  58   1          return Bit;
  59   1      }
  60          
  61          void OneWire_SendByte(unsigned char Byte)
  62          {
  63   1          unsigned char i;
  64   1          for(i = 0 ; i < 8 ; i ++)
  65   1          {
  66   2              OneWire_SendBit(Byte & (0x01 << i));//低位先行
  67   2          }
  68   1      }
  69          
  70          unsigned char OneWire_ReceiveByte(void)
  71          {
  72   1          unsigned char i;
  73   1          unsigned char Byte = 0x00;
  74   1          for(i = 0 ; i < 8 ; i ++)
  75   1          {
  76   2              if(OneWire_ReceiveBit())
  77   2              {
  78   3                  Byte |= 0x01 << i;
  79   3              }
  80   2          }
  81   1          return Byte;
  82   1      }


MODULE INFORMATION:   STATIC OVERLAYABLE
   CODE SIZE        =    122    ----
   CONSTANT SIZE    =   ----    ----
   XDATA SIZE       =   ----    ----
   PDATA SIZE       =   ----    ----
   DATA SIZE        =   ----    ----
   IDATA SIZE       =   ----    ----
   BIT SIZE         =   ----    ----
END OF MODULE INFORMATION.


C51 COMPILATION COMPLETE.  0 WARNING(S),  0 ERROR(S)
