C51 COMPILER V9.51   TIMER0_SERVO                                                          07/27/2025 19:24:08 PAGE 1   


C51 COMPILER V9.51, COMPILATION OF MODULE TIMER0_SERVO
OBJECT MODULE PLACED IN Timer0_Servo.obj
COMPILER INVOKED BY: C:\Keil\C51\BIN\C51.EXE Hardware\Timer0_Servo.c BROWSE INCDIR(.\Hardware;.\Library;.\System;.\User)
                    - DEBUG OBJECTEXTEND PRINT(.\Timer0_Servo.lst) TABS(2) OBJECT(Timer0_Servo.obj)

line level    source

   1          #include <REGX51.H>
   2          
   3          //--Servo PWM---
   4          unsigned int dutytime_Servo = 45536; //65536 - 45536 = 20000
   5          unsigned int ton_Servo = 10000; 
   6          unsigned int toff_Servo = 10000; 
   7          unsigned int temp_Servo; //當頻率過高時，要用temp優化，避免值算錯誤
   8          
   9          void Timer0_Init(void)
  10          {
  11   1          EA = 1; ET0 = 1;
  12   1      
  13   1          TMOD=0x01; 
  14   1      
  15   1          TH0 = (65536 - dutytime_Servo) / 256;
  16   1          TL0 = (65536 - dutytime_Servo) % 256;
  17   1      
  18   1          TR0=1;
  19   1      }
  20          
  21          void timer0_isr(void) interrupt 1{
  22   1          TR0 = 0;
  23   1          
  24   1            toff_Servo = 20000 - ton_Servo;
  25   1          if(P2_0==1){
  26   2            
  27   2              temp_Servo = (65536- (toff_Servo)); 
  28   2            
  29   2              TH0= temp_Servo / 256;
  30   2              TL0= temp_Servo % 256;
  31   2      
  32   2              P2_0=0;
  33   2          }
  34   1          else{
  35   2              temp_Servo = (65536 - (ton_Servo));
  36   2            
  37   2              TH0=temp_Servo / 256;
  38   2              TL0=temp_Servo % 256;
  39   2      
  40   2              P2_0=1;
  41   2          }
  42   1          
  43   1          TR0 = 1;
  44   1      }


MODULE INFORMATION:   STATIC OVERLAYABLE
   CODE SIZE        =    147    ----
   CONSTANT SIZE    =   ----    ----
   XDATA SIZE       =   ----    ----
   PDATA SIZE       =   ----    ----
   DATA SIZE        =      8    ----
   IDATA SIZE       =   ----    ----
   BIT SIZE         =   ----    ----
C51 COMPILER V9.51   TIMER0_SERVO                                                          07/27/2025 19:24:08 PAGE 2   

END OF MODULE INFORMATION.


C51 COMPILATION COMPLETE.  0 WARNING(S),  0 ERROR(S)
