C51 COMPILER V9.51   UART_RX                                                               02/15/2025 20:32:14 PAGE 1   


C51 COMPILER V9.51, COMPILATION OF MODULE UART_RX
OBJECT MODULE PLACED IN .\UART_RX.obj
COMPILER INVOKED BY: C:\Keil\C51\BIN\C51.EXE ..\..\CH13\UART_RX.c BROWSE INCDIR(.\Hardware;.\Library;.\System;.\User) DE
                    -BUG OBJECTEXTEND PRINT(.\UART_RX.lst) TABS(2) OBJECT(.\UART_RX.obj)

line level    source

   1          #include <regx51.h>
   2          #define LED P0
   3          
   4          code char word[10] = {0xc0,0xf9,0xa4,0xb0,0x99,0x92,0x82,0xf8,0x80,0x90};
   5          
   6          void main(void){
   7   1          TMOD = 0x20;
   8   1          TH1 = 243; 
   9   1          PCON = 0x80;
  10   1          TR1 = 1;
  11   1          SCON = 0x50; 
  12   1          while(1){
  13   2              while(RI == 0);
  14   2              RI = 0;
  15   2      
  16   2              if     (SBUF == 0xfe)   LED = word[1];
  17   2              else if(SBUF == 0xfd)   LED = word[2];
  18   2              else if(SBUF == 0xfb)   LED = word[3];
  19   2              else if(SBUF == 0xf7)   LED = word[4];
  20   2              else if(SBUF == 0xef)   LED = word[5];
  21   2              else if(SBUF == 0xdf)   LED = word[6];
  22   2              else if(SBUF == 0xbf)   LED = word[7];
  23   2              else if(SBUF == 0x7f)   LED = word[8];
  24   2              else                    LED = 0x7f;
  25   2          }
  26   1      }


MODULE INFORMATION:   STATIC OVERLAYABLE
   CODE SIZE        =    108    ----
   CONSTANT SIZE    =     10    ----
   XDATA SIZE       =   ----    ----
   PDATA SIZE       =   ----    ----
   DATA SIZE        =   ----    ----
   IDATA SIZE       =   ----    ----
   BIT SIZE         =   ----    ----
END OF MODULE INFORMATION.


C51 COMPILATION COMPLETE.  0 WARNING(S),  0 ERROR(S)
