C51 COMPILER V9.51   AUTODOOR                                                              02/15/2025 21:07:13 PAGE 1   


C51 COMPILER V9.51, COMPILATION OF MODULE AUTODOOR
OBJECT MODULE PLACED IN AutoDoor.obj
COMPILER INVOKED BY: C:\Keil\C51\BIN\C51.EXE User\AutoDoor.c BROWSE INCDIR(.\Hardware;.\Library;.\System;.\User) DEBUG O
                    -BJECTEXTEND PRINT(.\AutoDoor.lst) TABS(2) OBJECT(AutoDoor.obj)

line level    source

   1          #include <REGX51.H>
   2          #include "DS18B20.h"
   3          #include "Delay.h"
   4          #include "INT.h"
   5          #include "Timer0_Servo.h"
   6          #include "LCD1602.h"
   7          #include "Uart.h"
   8          
   9          #define LED P0
  10          #define BUZZER P3_4
  11          
  12          unsigned char HighData;
  13          unsigned char LowData;
  14          char i = 0;
  15          void main()
  16          {
  17   1          Timer0_Init();
  18   1          UART_Init();
  19   1          
  20   1          while(1)
  21   1          {
  22   2            //P0 = UART_Receive();
  23   2            if(i == 0)
  24   2            {
  25   3              HighData = UART_Receive();
  26   3              i++;
  27   3              P0 = 0xf0;
  28   3            }
  29   2            else if(i == 1)
  30   2            {
  31   3              LowData = UART_Receive();
  32   3              i++;
  33   3              P0 = 0x0f;
  34   3            }
  35   2            else
  36   2            {
  37   3              ton_Servo = ( HighData << 8 ) | LowData;
  38   3              i = 0;
  39   3            }
  40   2            
  41   2          }//end while
  42   1      }


MODULE INFORMATION:   STATIC OVERLAYABLE
   CODE SIZE        =     52    ----
   CONSTANT SIZE    =   ----    ----
   XDATA SIZE       =   ----    ----
   PDATA SIZE       =   ----    ----
   DATA SIZE        =      3    ----
   IDATA SIZE       =   ----    ----
   BIT SIZE         =   ----    ----
END OF MODULE INFORMATION.


C51 COMPILATION COMPLETE.  0 WARNING(S),  0 ERROR(S)
