C51 COMPILER V9.51   DS18B20                                                               07/02/2025 00:30:52 PAGE 1   


C51 COMPILER V9.51, COMPILATION OF MODULE DS18B20
OBJECT MODULE PLACED IN DS18B20.obj
COMPILER INVOKED BY: C:\Keil\C51\BIN\C51.EXE Hardware\DS18B20.c BROWSE INCDIR(.\Hardware;.\Library;.\System;.\User) DEBU
                    -G OBJECTEXTEND PRINT(.\DS18B20.lst) TABS(2) OBJECT(DS18B20.obj)

line level    source

   1          #include <REGX51.H>
   2          #include "OneWire.h"
   3          
   4          float T;
   5          
   6          void DS18B20_ConvertT(void)
   7          {
   8   1          OneWire_Init();
   9   1          OneWire_SendByte(0xCC);
  10   1          OneWire_SendByte(0x44);
  11   1      
  12   1      }
  13          
  14          float DS18B20_ReadT(void)
  15          {
  16   1          unsigned char TLSB,TMSB;
  17   1          int Temp;
  18   1          float T;
  19   1          OneWire_Init();
  20   1          OneWire_SendByte(0xCC);
  21   1          OneWire_SendByte(0xBE);
  22   1          TLSB = OneWire_ReceiveByte();
  23   1          TMSB = OneWire_ReceiveByte();
  24   1          Temp = (TMSB<<8) | TLSB;
  25   1          T = Temp / 16.0;//第4bit開始才是整數部分
  26   1          return T;
  27   1      }
  28          


MODULE INFORMATION:   STATIC OVERLAYABLE
   CODE SIZE        =     57    ----
   CONSTANT SIZE    =   ----    ----
   XDATA SIZE       =   ----    ----
   PDATA SIZE       =   ----    ----
   DATA SIZE        =      4       1
   IDATA SIZE       =   ----    ----
   BIT SIZE         =   ----    ----
END OF MODULE INFORMATION.


C51 COMPILATION COMPLETE.  0 WARNING(S),  0 ERROR(S)
