C51 COMPILER V9.51   TIMER0                                                                02/15/2025 19:41:47 PAGE 1   


C51 COMPILER V9.51, COMPILATION OF MODULE TIMER0
OBJECT MODULE PLACED IN Timer0.obj
COMPILER INVOKED BY: C:\Keil\C51\BIN\C51.EXE Hardware\Timer0.c BROWSE INCDIR(.\Hardware;.\Library;.\System;.\User) DEBUG
                    - OBJECTEXTEND PRINT(.\Timer0.lst) TABS(2) OBJECT(Timer0.obj)

line level    source

   1          #include <REGX51.H>
   2          
   3          void Timer0_Init(void)
   4          {
   5   1          EA = 1; ET0 = 1;
   6   1      
   7   1          TMOD=0x01; 
   8   1      
   9   1          TH0 = (65536 - dutytime_Servo) / 256;
*** ERROR C202 IN LINE 9 OF Hardware\Timer0.c: 'dutytime_Servo': undefined identifier
  10   1          TL0 = (65536 - dutytime_Servo) % 256;
*** ERROR C202 IN LINE 10 OF Hardware\Timer0.c: 'dutytime_Servo': undefined identifier
  11   1      
  12   1          TR0=1;
  13   1      }
  14          
  15          void timer0_isr(void) interrupt 1{
  16   1          TR0 = 0;
  17   1          
  18   1          if(P2_0==1){
  19   2              temp_Servo = (65536-toff_Servo); 
*** ERROR C202 IN LINE 19 OF Hardware\Timer0.c: 'temp_Servo': undefined identifier
  20   2            
  21   2              TH0= temp_Servo / 256;
*** ERROR C202 IN LINE 21 OF Hardware\Timer0.c: 'temp_Servo': undefined identifier
  22   2              TL0= temp_Servo % 256;
*** ERROR C202 IN LINE 22 OF Hardware\Timer0.c: 'temp_Servo': undefined identifier
  23   2      
  24   2              P2_0=0;
  25   2          }
  26   1          else{
  27   2              temp_Servo = (65536-ton_Servo);
*** ERROR C202 IN LINE 27 OF Hardware\Timer0.c: 'temp_Servo': undefined identifier
  28   2            
  29   2              TH0=temp_Servo / 256;
*** ERROR C202 IN LINE 29 OF Hardware\Timer0.c: 'temp_Servo': undefined identifier
  30   2              TL0=temp_Servo % 256;
*** ERROR C202 IN LINE 30 OF Hardware\Timer0.c: 'temp_Servo': undefined identifier
  31   2      
  32   2              P2_0=1;
  33   2          }
  34   1          
  35   1          TR0 = 1;
  36   1      }

C51 COMPILATION COMPLETE.  0 WARNING(S),  8 ERROR(S)
