C51 COMPILER V9.51   UART                                                                  07/02/2025 00:30:53 PAGE 1   


C51 COMPILER V9.51, COMPILATION OF MODULE UART
OBJECT MODULE PLACED IN Uart.obj
COMPILER INVOKED BY: C:\Keil\C51\BIN\C51.EXE Hardware\Uart.c BROWSE INCDIR(.\Hardware;.\Library;.\System;.\User) DEBUG O
                    -BJECTEXTEND PRINT(.\Uart.lst) TABS(2) OBJECT(Uart.obj)

line level    source

   1          #include <REGX51.H>
   2          
   3          
   4          void UART_Init(void) 
   5          {
   6   1          TMOD |= 0x20; // Timer1 模式 2 (自動重載)
   7   1          TH1 = 243; // 波特率 4800 
   8   1          PCON = 0x80;
   9   1          TR1 = 1; // 啟動 Timer1
  10   1          SCON = 0x50;
  11   1      }
  12          void UART_Transmit(unsigned char data_) 
  13          {
  14   1        
  15   1          SBUF = data_; // 載入 UART 資料寄存器
  16   1          while (TI == 0); // 等待傳送完成
  17   1          TI = 0; // 清除傳送標誌
  18   1        
  19   1      }
  20          
  21          unsigned char UART_Receive(void)
  22          {
  23   1          while(RI == 0);
  24   1          RI = 0;
  25   1          return  SBUF;
  26   1      
  27   1      }


MODULE INFORMATION:   STATIC OVERLAYABLE
   CODE SIZE        =     31    ----
   CONSTANT SIZE    =   ----    ----
   XDATA SIZE       =   ----    ----
   PDATA SIZE       =   ----    ----
   DATA SIZE        =   ----    ----
   IDATA SIZE       =   ----    ----
   BIT SIZE         =   ----    ----
END OF MODULE INFORMATION.


C51 COMPILATION COMPLETE.  0 WARNING(S),  0 ERROR(S)
